<?xml version="1.0" encoding="UTF-8"?>
<testng-results ignored="0" total="1" passed="1" failed="0" skipped="0">
  <reporter-output>
  </reporter-output>
  <suite started-at="2021-11-01T19:26:27 IST" name="Default suite" finished-at="2021-11-01T19:26:34 IST" duration-ms="7785">
    <groups>
    </groups>
    <test started-at="2021-11-01T19:26:27 IST" name="Default test" finished-at="2021-11-01T19:26:34 IST" duration-ms="7785">
      <class name="TestNgTest.TestClass">
        <test-method signature="driverIni()[pri:0, instance:TestNgTest.TestClass@7722c3c3]" started-at="2021-11-01T19:26:27 IST" name="driverIni" finished-at="2021-11-01T19:26:34 IST" duration-ms="7746" status="PASS">
          <reporter-output>
          </reporter-output>
        </test-method> <!-- driverIni -->
      </class> <!-- TestNgTest.TestClass -->
    </test> <!-- Default test -->
  </suite> <!-- Default suite -->
</testng-results>
